Performing C SOURCE FILE Test CMAKE_HAVE_LIBC_PTHREAD failed with the following output:
Change Dir: /home/qqa/CLionProjects/IRCC-master/Server/cmake-build-debug/CMakeFiles/CMakeTmp

Run Build Command(s):/usr/bin/make cmTC_e2505/fast && /usr/bin/make  -f CMakeFiles/cmTC_e2505.dir/build.make CMakeFiles/cmTC_e2505.dir/build
make[1]: Wejście do katalogu '/home/qqa/CLionProjects/IRCC-master/Server/cmake-build-debug/CMakeFiles/CMakeTmp'
Building C object CMakeFiles/cmTC_e2505.dir/src.c.o
/usr/bin/clang   -DCMAKE_HAVE_LIBC_PTHREAD   -std=gnu11 -o CMakeFiles/cmTC_e2505.dir/src.c.o   -c /home/qqa/CLionProjects/IRCC-master/Server/cmake-build-debug/CMakeFiles/CMakeTmp/src.c
Linking C executable cmTC_e2505
/home/qqa/.local/share/JetBrains/Toolbox/apps/CLion/ch-0/202.7660.37/bin/cmake/linux/bin/cmake -E cmake_link_script CMakeFiles/cmTC_e2505.dir/link.txt --verbose=1
/usr/bin/clang  -DCMAKE_HAVE_LIBC_PTHREAD    CMakeFiles/cmTC_e2505.dir/src.c.o  -o cmTC_e2505 
/usr/bin/ld: CMakeFiles/cmTC_e2505.dir/src.c.o: in function `main':
src.c:(.text+0x32): undefined reference to `pthread_create'
/usr/bin/ld: src.c:(.text+0x3e): undefined reference to `pthread_detach'
/usr/bin/ld: src.c:(.text+0x4a): undefined reference to `pthread_cancel'
/usr/bin/ld: src.c:(.text+0x5c): undefined reference to `pthread_join'
clang-10: error: linker command failed with exit code 1 (use -v to see invocation)
make[1]: *** [CMakeFiles/cmTC_e2505.dir/build.make:107: cmTC_e2505] Błąd 1
make[1]: Opuszczenie katalogu '/home/qqa/CLionProjects/IRCC-master/Server/cmake-build-debug/CMakeFiles/CMakeTmp'
make: *** [Makefile:141: cmTC_e2505/fast] Błąd 2


Source file was:
#include <pthread.h>

void* test_func(void* data)
{
  return data;
}

int main(void)
{
  pthread_t thread;
  pthread_create(&thread, NULL, test_func, NULL);
  pthread_detach(thread);
  pthread_cancel(thread);
  pthread_join(thread, NULL);
  pthread_atfork(NULL, NULL, NULL);
  pthread_exit(NULL);

  return 0;
}

Determining if the function pthread_create exists in the pthreads failed with the following output:
Change Dir: /home/qqa/CLionProjects/IRCC-master/Server/cmake-build-debug/CMakeFiles/CMakeTmp

Run Build Command(s):/usr/bin/make cmTC_fe415/fast && /usr/bin/make  -f CMakeFiles/cmTC_fe415.dir/build.make CMakeFiles/cmTC_fe415.dir/build
make[1]: Wejście do katalogu '/home/qqa/CLionProjects/IRCC-master/Server/cmake-build-debug/CMakeFiles/CMakeTmp'
Building C object CMakeFiles/cmTC_fe415.dir/CheckFunctionExists.c.o
/usr/bin/clang   -DCHECK_FUNCTION_EXISTS=pthread_create   -std=gnu11 -o CMakeFiles/cmTC_fe415.dir/CheckFunctionExists.c.o   -c /home/qqa/.local/share/JetBrains/Toolbox/apps/CLion/ch-0/202.7660.37/bin/cmake/linux/share/cmake-3.17/Modules/CheckFunctionExists.c
Linking C executable cmTC_fe415
/home/qqa/.local/share/JetBrains/Toolbox/apps/CLion/ch-0/202.7660.37/bin/cmake/linux/bin/cmake -E cmake_link_script CMakeFiles/cmTC_fe415.dir/link.txt --verbose=1
/usr/bin/clang  -DCHECK_FUNCTION_EXISTS=pthread_create    CMakeFiles/cmTC_fe415.dir/CheckFunctionExists.c.o  -o cmTC_fe415  -lpthreads 
/usr/bin/ld: cannot find -lpthreads
clang-10: error: linker command failed with exit code 1 (use -v to see invocation)
make[1]: *** [CMakeFiles/cmTC_fe415.dir/build.make:107: cmTC_fe415] Błąd 1
make[1]: Opuszczenie katalogu '/home/qqa/CLionProjects/IRCC-master/Server/cmake-build-debug/CMakeFiles/CMakeTmp'
make: *** [Makefile:141: cmTC_fe415/fast] Błąd 2



